\BOOKMARK [1][-]{section.0.1}{\137\025\212\000}{}% 1
\BOOKMARK [1][-]{section.0.2}{\133\236\232\214\166\356\166\204}{}% 2
\BOOKMARK [1][-]{section.0.3}{\133\236\232\214\123\237\164\006}{}% 3
\BOOKMARK [2][-]{subsection.0.3.1}{\224\367\(Rb\)\123\237\133\120\127\372\140\001\124\214\147\000\117\116\157\300\123\321\140\001\200\375\176\247}{section.0.3}% 4
\BOOKMARK [2][-]{subsection.0.3.2}{\121\111\142\275\217\320\116\247\165\037\120\117\147\201\123\026}{section.0.3}% 5
\BOOKMARK [2][-]{subsection.0.3.3}{\137\033\214\153\217\307\172\013}{section.0.3}% 6
\BOOKMARK [2][-]{subsection.0.3.4}{\170\301\121\161\143\057\116\016\121\111\150\300\155\113}{section.0.3}% 7
\BOOKMARK [1][-]{section.0.4}{\133\236\232\214\142\200\147\057\145\271\154\325}{}% 8
\BOOKMARK [1][-]{section.0.5}{\133\236\232\214\121\205\133\271\116\016\122\006\147\220}{}% 9
\BOOKMARK [2][-]{subsection.0.5.1}{\133\236\232\214\174\373\176\337\214\003\202\202}{section.0.5}% 10
\BOOKMARK [2][-]{subsection.0.5.2}{\121\111\142\275\217\320\117\341\123\367\211\302\155\113}{section.0.5}% 11
\BOOKMARK [2][-]{subsection.0.5.3}{\121\111\142\275\217\320\166\204\170\301\127\072\121\163\174\373}{section.0.5}% 12
\BOOKMARK [2][-]{subsection.0.5.4}{\170\301\121\161\143\057\117\341\123\367\211\302\155\113}{section.0.5}% 13
\BOOKMARK [2][-]{subsection.0.5.5}{\155\113\221\317\147\027\137\267\126\340\133\120gF}{section.0.5}% 14
\BOOKMARK [1][-]{section.0.6}{\133\236\232\214\145\160\143\156\122\006\147\220}{}% 15
\BOOKMARK [2][-]{subsection.0.6.1}{\211\302\133\337\121\111\142\275\217\320\117\341\123\367}{section.0.6}% 16
\BOOKMARK [3][-]{subsubsection.0.6.1.1}{\133\371\137\033\214\153\145\366\225\364\166\204\213\250\213\272\123\312\121\111\142\275\217\320\166\204\170\301\127\072\121\163\174\373}{subsection.0.6.1}% 17
\BOOKMARK [2][-]{subsection.0.6.2}{\211\302\155\113\121\111\170\301\121\161\143\057\117\341\123\367}{section.0.6}% 18
\BOOKMARK [2][-]{subsection.0.6.3}{\121\163\116\216\142\153\127\072\166\204\213\250\213\272}{section.0.6}% 19
\BOOKMARK [2][-]{subsection.0.6.4}{85Rb\124\21487Rb\116\060\136\246\153\324\166\204\117\060\155\113}{section.0.6}% 20
\BOOKMARK [1][-]{section.0.7}{\140\035\200\003\116\016\213\250\213\272}{}% 21
